-encoding
UTF-8
-outxml
-source
7
-target
7
-classpath
C:\Users\205406813\.m2\repository\org\primefaces\primefaces\5.2\primefaces-5.2.jar;C:\Users\205406813\.m2\repository\com\sun\faces\jsf-api\2.2.8\jsf-api-2.2.8.jar;C:\Users\205406813\.m2\repository\com\sun\faces\jsf-impl\2.2.8\jsf-impl-2.2.8.jar;C:\Users\205406813\.m2\repository\com\ocpsoft\prettyfaces-jsf2\3.3.2\prettyfaces-jsf2-3.3.2.jar;C:\Users\205406813\.m2\repository\junit\junit\4.11\junit-4.11.jar;C:\Users\205406813\.m2\repository\log4j\log4j\1.2.17\log4j-1.2.17.jar;C:\Users\205406813\.m2\repository\org\slf4j\slf4j-api\1.7.5\slf4j-api-1.7.5.jar;C:\Users\205406813\.m2\repository\org\slf4j\jcl-over-slf4j\1.7.5\jcl-over-slf4j-1.7.5.jar;C:\Users\205406813\.m2\repository\org\slf4j\slf4j-log4j12\1.7.5\slf4j-log4j12-1.7.5.jar;C:\Users\205406813\.m2\repository\org\aspectj\aspectjrt\1.8.1\aspectjrt-1.8.1.jar;C:\Users\205406813\.m2\repository\org\aspectj\aspectjweaver\1.8.1\aspectjweaver-1.8.1.jar;C:\Users\205406813\.m2\repository\javax\servlet\servlet-api\2.5\servlet-api-2.5.jar;C:\Users\205406813\.m2\repository\net\sf\flexjson\flexjson\2.1\flexjson-2.1.jar;C:\Users\205406813\.m2\repository\org\apache\commons\commons-lang3\3.1\commons-lang3-3.1.jar;C:\Users\205406813\.m2\repository\org\springframework\roo\org.springframework.roo.annotations\1.3.1.RELEASE\org.springframework.roo.annotations-1.3.1.RELEASE.jar;C:\Users\205406813\.m2\repository\org\springframework\spring-core\3.2.8.RELEASE\spring-core-3.2.8.RELEASE.jar;C:\Users\205406813\.m2\repository\org\springframework\spring-test\3.2.8.RELEASE\spring-test-3.2.8.RELEASE.jar;C:\Users\205406813\.m2\repository\org\springframework\spring-context\3.2.8.RELEASE\spring-context-3.2.8.RELEASE.jar;C:\Users\205406813\.m2\repository\org\springframework\spring-aop\3.2.8.RELEASE\spring-aop-3.2.8.RELEASE.jar;C:\Users\205406813\.m2\repository\org\springframework\spring-aspects\3.2.8.RELEASE\spring-aspects-3.2.8.RELEASE.jar;C:\Users\205406813\.m2\repository\mysql\mysql-connector-java\5.1.18\mysql-connector-java-5.1.18.jar;C:\Users\205406813\.m2\repository\org\hibernate\hibernate-core\4.3.6.Final\hibernate-core-4.3.6.Final.jar;C:\Users\205406813\.m2\repository\org\hibernate\hibernate-entitymanager\4.3.6.Final\hibernate-entitymanager-4.3.6.Final.jar;C:\Users\205406813\.m2\repository\org\hibernate\javax\persistence\hibernate-jpa-2.1-api\1.0.0.Final\hibernate-jpa-2.1-api-1.0.0.Final.jar;C:\Users\205406813\.m2\repository\commons-collections\commons-collections\3.2.1\commons-collections-3.2.1.jar;C:\Users\205406813\.m2\repository\org\hibernate\hibernate-validator\4.3.2.Final\hibernate-validator-4.3.2.Final.jar;C:\Users\205406813\.m2\repository\javax\validation\validation-api\1.0.0.GA\validation-api-1.0.0.GA.jar;C:\Users\205406813\.m2\repository\javax\transaction\jta\1.1\jta-1.1.jar;C:\Users\205406813\.m2\repository\org\springframework\spring-jdbc\3.2.8.RELEASE\spring-jdbc-3.2.8.RELEASE.jar;C:\Users\205406813\.m2\repository\org\springframework\spring-orm\3.2.8.RELEASE\spring-orm-3.2.8.RELEASE.jar;C:\Users\205406813\.m2\repository\commons-pool\commons-pool\1.5.6\commons-pool-1.5.6.jar;C:\Users\205406813\.m2\repository\commons-dbcp\commons-dbcp\1.4\commons-dbcp-1.4.jar;C:\Users\205406813\.m2\repository\org\springframework\spring-webmvc\3.2.8.RELEASE\spring-webmvc-3.2.8.RELEASE.jar;C:\Users\205406813\.m2\repository\org\springframework\webflow\spring-js-resources\2.2.1.RELEASE\spring-js-resources-2.2.1.RELEASE.jar;C:\Users\205406813\.m2\repository\commons-digester\commons-digester\2.1\commons-digester-2.1.jar;C:\Users\205406813\.m2\repository\commons-fileupload\commons-fileupload\1.2.2\commons-fileupload-1.2.2.jar;C:\Users\205406813\.m2\repository\javax\servlet\jsp\jstl\jstl-api\1.2\jstl-api-1.2.jar;C:\Users\205406813\.m2\repository\org\glassfish\web\jstl-impl\1.2\jstl-impl-1.2.jar;C:\Users\205406813\.m2\repository\javax\el\el-api\2.2\el-api-2.2.jar;C:\Users\205406813\.m2\repository\joda-time\joda-time\1.6\joda-time-1.6.jar;C:\Users\205406813\.m2\repository\javax\servlet\jsp\jsp-api\2.1\jsp-api-2.1.jar;C:\Users\205406813\.m2\repository\commons-codec\commons-codec\1.5\commons-codec-1.5.jar;C:\Users\205406813\.m2\repository\org\apache\tiles\tiles-jsp\2.2.2\tiles-jsp-2.2.2.jar;C:\Users\205406813\.m2\repository\org\springframework\security\spring-security-core\3.2.5.RELEASE\spring-security-core-3.2.5.RELEASE.jar;C:\Users\205406813\.m2\repository\org\springframework\security\spring-security-config\3.2.5.RELEASE\spring-security-config-3.2.5.RELEASE.jar;C:\Users\205406813\.m2\repository\org\springframework\security\spring-security-web\3.2.5.RELEASE\spring-security-web-3.2.5.RELEASE.jar;C:\Users\205406813\.m2\repository\org\springframework\webflow\spring-faces\2.4.1.RELEASE\spring-faces-2.4.1.RELEASE.jar;C:\Users\205406813\.m2\repository\org\springframework\security\spring-security-taglibs\3.2.5.RELEASE\spring-security-taglibs-3.2.5.RELEASE.jar;C:\Users\205406813\.m2\repository\commons-io\commons-io\2.4\commons-io-2.4.jar;C:\Users\205406813\.m2\repository\org\springframework\spring-beans\3.2.8.RELEASE\spring-beans-3.2.8.RELEASE.jar;C:\Users\205406813\.m2\repository\org\springframework\spring-expression\3.2.8.RELEASE\spring-expression-3.2.8.RELEASE.jar;C:\Users\205406813\.m2\repository\aopalliance\aopalliance\1.0\aopalliance-1.0.jar;C:\Users\205406813\.m2\repository\org\jboss\logging\jboss-logging\3.1.3.GA\jboss-logging-3.1.3.GA.jar;C:\Users\205406813\.m2\repository\org\jboss\logging\jboss-logging-annotations\1.2.0.Beta1\jboss-logging-annotations-1.2.0.Beta1.jar;C:\Users\205406813\.m2\repository\org\jboss\spec\javax\transaction\jboss-transaction-api_1.2_spec\1.0.0.Final\jboss-transaction-api_1.2_spec-1.0.0.Final.jar;C:\Users\205406813\.m2\repository\dom4j\dom4j\1.6.1\dom4j-1.6.1.jar;C:\Users\205406813\.m2\repository\xml-apis\xml-apis\1.0.b2\xml-apis-1.0.b2.jar;C:\Users\205406813\.m2\repository\org\hibernate\common\hibernate-commons-annotations\4.0.5.Final\hibernate-commons-annotations-4.0.5.Final.jar;C:\Users\205406813\.m2\repository\org\javassist\javassist\3.18.1-GA\javassist-3.18.1-GA.jar;C:\Users\205406813\.m2\repository\antlr\antlr\2.7.7\antlr-2.7.7.jar;C:\Users\205406813\.m2\repository\org\jboss\jandex\1.1.0.Final\jandex-1.1.0.Final.jar;C:\Users\205406813\.m2\repository\org\springframework\spring-tx\3.2.8.RELEASE\spring-tx-3.2.8.RELEASE.jar;C:\Users\205406813\.m2\repository\org\springframework\spring-web\3.2.8.RELEASE\spring-web-3.2.8.RELEASE.jar;C:\Users\205406813\.m2\repository\commons-beanutils\commons-beanutils\1.8.3\commons-beanutils-1.8.3.jar;C:\Users\205406813\.m2\repository\org\apache\tiles\tiles-servlet\2.2.2\tiles-servlet-2.2.2.jar;C:\Users\205406813\.m2\repository\org\apache\tiles\tiles-core\2.2.2\tiles-core-2.2.2.jar;C:\Users\205406813\.m2\repository\org\apache\tiles\tiles-template\2.2.2\tiles-template-2.2.2.jar;C:\Users\205406813\.m2\repository\org\apache\tiles\tiles-api\2.2.2\tiles-api-2.2.2.jar;C:\Users\205406813\.m2\repository\commons-logging\commons-logging\1.1.1\commons-logging-1.1.1.jar;C:\Users\205406813\.m2\repository\org\springframework\webflow\spring-binding\2.4.1.RELEASE\spring-binding-2.4.1.RELEASE.jar;C:\Users\205406813\.m2\repository\opensymphony\ognl\2.6.11\ognl-2.6.11.jar;C:\Users\205406813\.m2\repository\org\springframework\webflow\spring-webflow\2.4.1.RELEASE\spring-webflow-2.4.1.RELEASE.jar;C:\Users\205406813\.m2\repository\org\springframework\webflow\spring-js\2.4.1.RELEASE\spring-js-2.4.1.RELEASE.jar;C:\Users\205406813\.m2\repository\org\springframework\security\spring-security-acl\3.2.5.RELEASE\spring-security-acl-3.2.5.RELEASE.jar;C:\Users\205406813\Documents\workspace_pm\biometrics\target\classes
-aspectpath
C:\Users\205406813\.m2\repository\org\springframework\spring-aspects\3.2.8.RELEASE\spring-aspects-3.2.8.RELEASE.jar
-d
C:\Users\205406813\Documents\workspace_pm\biometrics\target\classes
C:\Users\205406813\Documents\workspace_pm\biometrics\src\main\java\br\gov\sspba\bean\AccountBean.java
C:\Users\205406813\Documents\workspace_pm\biometrics\src\main\java\br\gov\sspba\bean\BaseBean.java
C:\Users\205406813\Documents\workspace_pm\biometrics\src\main\java\br\gov\sspba\bean\BeanImpl.java
C:\Users\205406813\Documents\workspace_pm\biometrics\src\main\java\br\gov\sspba\bean\FuncionarioBean.java
C:\Users\205406813\Documents\workspace_pm\biometrics\src\main\java\br\gov\sspba\bean\NotaGeralBean.java
C:\Users\205406813\Documents\workspace_pm\biometrics\src\main\java\br\gov\sspba\converter\BarbaConverter.java
C:\Users\205406813\Documents\workspace_pm\biometrics\src\main\java\br\gov\sspba\converter\BigodeConverter.java
C:\Users\205406813\Documents\workspace_pm\biometrics\src\main\java\br\gov\sspba\converter\CabeloConverter.java
C:\Users\205406813\Documents\workspace_pm\biometrics\src\main\java\br\gov\sspba\converter\CriptografiaSHA256.java
C:\Users\205406813\Documents\workspace_pm\biometrics\src\main\java\br\gov\sspba\converter\CutisConverter.java
C:\Users\205406813\Documents\workspace_pm\biometrics\src\main\java\br\gov\sspba\converter\EstadoCivilConverter.java
C:\Users\205406813\Documents\workspace_pm\biometrics\src\main\java\br\gov\sspba\converter\EstadoConverter.java
C:\Users\205406813\Documents\workspace_pm\biometrics\src\main\java\br\gov\sspba\converter\FatorRHConverter.java
C:\Users\205406813\Documents\workspace_pm\biometrics\src\main\java\br\gov\sspba\converter\GraudeinstrucaoConverter.java
C:\Users\205406813\Documents\workspace_pm\biometrics\src\main\java\br\gov\sspba\converter\GrupoSanguineoConverter.java
C:\Users\205406813\Documents\workspace_pm\biometrics\src\main\java\br\gov\sspba\converter\MunicipioConverter.java
C:\Users\205406813\Documents\workspace_pm\biometrics\src\main\java\br\gov\sspba\converter\NotaAnomalaConverter.java
C:\Users\205406813\Documents\workspace_pm\biometrics\src\main\java\br\gov\sspba\converter\OlhoConverter.java
C:\Users\205406813\Documents\workspace_pm\biometrics\src\main\java\br\gov\sspba\converter\PostoGraduacaoConverter.java
C:\Users\205406813\Documents\workspace_pm\biometrics\src\main\java\br\gov\sspba\converter\QuadroConverter.java
C:\Users\205406813\Documents\workspace_pm\biometrics\src\main\java\br\gov\sspba\converter\SexoConverter.java
C:\Users\205406813\Documents\workspace_pm\biometrics\src\main\java\br\gov\sspba\converter\SimpleIndexConverter.java
C:\Users\205406813\Documents\workspace_pm\biometrics\src\main\java\br\gov\sspba\converter\SituacaoPolicialConverter.java
C:\Users\205406813\Documents\workspace_pm\biometrics\src\main\java\br\gov\sspba\converter\TipoCertidaoConverter.java
C:\Users\205406813\Documents\workspace_pm\biometrics\src\main\java\br\gov\sspba\converter\UnidadeConverter.java
C:\Users\205406813\Documents\workspace_pm\biometrics\src\main\java\br\gov\sspba\converter\UpperCaseConverter.java
C:\Users\205406813\Documents\workspace_pm\biometrics\src\main\java\br\gov\sspba\converter\UserRoleConverter.java
C:\Users\205406813\Documents\workspace_pm\biometrics\src\main\java\br\gov\sspba\domain\Bairro.java
C:\Users\205406813\Documents\workspace_pm\biometrics\src\main\java\br\gov\sspba\domain\Bairro_Roo_Configurable.aj
C:\Users\205406813\Documents\workspace_pm\biometrics\src\main\java\br\gov\sspba\domain\Bairro_Roo_DbManaged.aj
C:\Users\205406813\Documents\workspace_pm\biometrics\src\main\java\br\gov\sspba\domain\Bairro_Roo_Finder.aj
C:\Users\205406813\Documents\workspace_pm\biometrics\src\main\java\br\gov\sspba\domain\Bairro_Roo_Jpa_ActiveRecord.aj
C:\Users\205406813\Documents\workspace_pm\biometrics\src\main\java\br\gov\sspba\domain\Bairro_Roo_Jpa_Entity.aj
C:\Users\205406813\Documents\workspace_pm\biometrics\src\main\java\br\gov\sspba\domain\Bairro_Roo_ToString.aj
C:\Users\205406813\Documents\workspace_pm\biometrics\src\main\java\br\gov\sspba\domain\Barba.java
C:\Users\205406813\Documents\workspace_pm\biometrics\src\main\java\br\gov\sspba\domain\Barba_Roo_Configurable.aj
C:\Users\205406813\Documents\workspace_pm\biometrics\src\main\java\br\gov\sspba\domain\Barba_Roo_DbManaged.aj
C:\Users\205406813\Documents\workspace_pm\biometrics\src\main\java\br\gov\sspba\domain\Barba_Roo_Jpa_ActiveRecord.aj
C:\Users\205406813\Documents\workspace_pm\biometrics\src\main\java\br\gov\sspba\domain\Barba_Roo_Jpa_Entity.aj
C:\Users\205406813\Documents\workspace_pm\biometrics\src\main\java\br\gov\sspba\domain\Bigode.java
C:\Users\205406813\Documents\workspace_pm\biometrics\src\main\java\br\gov\sspba\domain\Bigode_Roo_Configurable.aj
C:\Users\205406813\Documents\workspace_pm\biometrics\src\main\java\br\gov\sspba\domain\Bigode_Roo_DbManaged.aj
C:\Users\205406813\Documents\workspace_pm\biometrics\src\main\java\br\gov\sspba\domain\Bigode_Roo_Jpa_ActiveRecord.aj
C:\Users\205406813\Documents\workspace_pm\biometrics\src\main\java\br\gov\sspba\domain\Bigode_Roo_Jpa_Entity.aj
C:\Users\205406813\Documents\workspace_pm\biometrics\src\main\java\br\gov\sspba\domain\Cabelo.java
C:\Users\205406813\Documents\workspace_pm\biometrics\src\main\java\br\gov\sspba\domain\Cabelo_Roo_Configurable.aj
C:\Users\205406813\Documents\workspace_pm\biometrics\src\main\java\br\gov\sspba\domain\Cabelo_Roo_DbManaged.aj
C:\Users\205406813\Documents\workspace_pm\biometrics\src\main\java\br\gov\sspba\domain\Cabelo_Roo_Jpa_ActiveRecord.aj
C:\Users\205406813\Documents\workspace_pm\biometrics\src\main\java\br\gov\sspba\domain\Cabelo_Roo_Jpa_Entity.aj
C:\Users\205406813\Documents\workspace_pm\biometrics\src\main\java\br\gov\sspba\domain\CategoriaCNH.java
C:\Users\205406813\Documents\workspace_pm\biometrics\src\main\java\br\gov\sspba\domain\CategoriaCNH_Roo_Configurable.aj
C:\Users\205406813\Documents\workspace_pm\biometrics\src\main\java\br\gov\sspba\domain\CategoriaCNH_Roo_Jpa_ActiveRecord.aj
C:\Users\205406813\Documents\workspace_pm\biometrics\src\main\java\br\gov\sspba\domain\CategoriaCNH_Roo_Jpa_Entity.aj
C:\Users\205406813\Documents\workspace_pm\biometrics\src\main\java\br\gov\sspba\domain\CategoriaCNH_Roo_Serializable.aj
C:\Users\205406813\Documents\workspace_pm\biometrics\src\main\java\br\gov\sspba\domain\CategoriaCNH_Roo_ToString.aj
C:\Users\205406813\Documents\workspace_pm\biometrics\src\main\java\br\gov\sspba\domain\Comando.java
C:\Users\205406813\Documents\workspace_pm\biometrics\src\main\java\br\gov\sspba\domain\Comando_Roo_Configurable.aj
C:\Users\205406813\Documents\workspace_pm\biometrics\src\main\java\br\gov\sspba\domain\Comando_Roo_DbManaged.aj
C:\Users\205406813\Documents\workspace_pm\biometrics\src\main\java\br\gov\sspba\domain\Comando_Roo_Jpa_ActiveRecord.aj
C:\Users\205406813\Documents\workspace_pm\biometrics\src\main\java\br\gov\sspba\domain\Comando_Roo_Jpa_Entity.aj
C:\Users\205406813\Documents\workspace_pm\biometrics\src\main\java\br\gov\sspba\domain\Cutis.java
C:\Users\205406813\Documents\workspace_pm\biometrics\src\main\java\br\gov\sspba\domain\Cutis_Roo_Configurable.aj
C:\Users\205406813\Documents\workspace_pm\biometrics\src\main\java\br\gov\sspba\domain\Cutis_Roo_DbManaged.aj
C:\Users\205406813\Documents\workspace_pm\biometrics\src\main\java\br\gov\sspba\domain\Cutis_Roo_Jpa_ActiveRecord.aj
C:\Users\205406813\Documents\workspace_pm\biometrics\src\main\java\br\gov\sspba\domain\Cutis_Roo_Jpa_Entity.aj
C:\Users\205406813\Documents\workspace_pm\biometrics\src\main\java\br\gov\sspba\domain\Dadobiometrico.java
C:\Users\205406813\Documents\workspace_pm\biometrics\src\main\java\br\gov\sspba\domain\Dadobiometrico_Roo_Configurable.aj
C:\Users\205406813\Documents\workspace_pm\biometrics\src\main\java\br\gov\sspba\domain\Dadobiometrico_Roo_DbManaged.aj
C:\Users\205406813\Documents\workspace_pm\biometrics\src\main\java\br\gov\sspba\domain\Dadobiometrico_Roo_Jpa_ActiveRecord.aj
C:\Users\205406813\Documents\workspace_pm\biometrics\src\main\java\br\gov\sspba\domain\Dadobiometrico_Roo_Jpa_Entity.aj
C:\Users\205406813\Documents\workspace_pm\biometrics\src\main\java\br\gov\sspba\domain\Devices.java
C:\Users\205406813\Documents\workspace_pm\biometrics\src\main\java\br\gov\sspba\domain\Devices_Roo_Configurable.aj
C:\Users\205406813\Documents\workspace_pm\biometrics\src\main\java\br\gov\sspba\domain\Devices_Roo_JavaBean.aj
C:\Users\205406813\Documents\workspace_pm\biometrics\src\main\java\br\gov\sspba\domain\Devices_Roo_Jpa_ActiveRecord.aj
C:\Users\205406813\Documents\workspace_pm\biometrics\src\main\java\br\gov\sspba\domain\Devices_Roo_Jpa_Entity.aj
C:\Users\205406813\Documents\workspace_pm\biometrics\src\main\java\br\gov\sspba\domain\Devices_Roo_Serializable.aj
C:\Users\205406813\Documents\workspace_pm\biometrics\src\main\java\br\gov\sspba\domain\Devices_Roo_ToString.aj
C:\Users\205406813\Documents\workspace_pm\biometrics\src\main\java\br\gov\sspba\domain\Estado.java
C:\Users\205406813\Documents\workspace_pm\biometrics\src\main\java\br\gov\sspba\domain\Estadocivil.java
C:\Users\205406813\Documents\workspace_pm\biometrics\src\main\java\br\gov\sspba\domain\Estadocivil_Roo_Configurable.aj
C:\Users\205406813\Documents\workspace_pm\biometrics\src\main\java\br\gov\sspba\domain\Estadocivil_Roo_DbManaged.aj
C:\Users\205406813\Documents\workspace_pm\biometrics\src\main\java\br\gov\sspba\domain\Estadocivil_Roo_Jpa_ActiveRecord.aj
C:\Users\205406813\Documents\workspace_pm\biometrics\src\main\java\br\gov\sspba\domain\Estadocivil_Roo_Jpa_Entity.aj
C:\Users\205406813\Documents\workspace_pm\biometrics\src\main\java\br\gov\sspba\domain\Estado_Roo_Configurable.aj
C:\Users\205406813\Documents\workspace_pm\biometrics\src\main\java\br\gov\sspba\domain\Estado_Roo_DbManaged.aj
C:\Users\205406813\Documents\workspace_pm\biometrics\src\main\java\br\gov\sspba\domain\Estado_Roo_Jpa_ActiveRecord.aj
C:\Users\205406813\Documents\workspace_pm\biometrics\src\main\java\br\gov\sspba\domain\Estado_Roo_Jpa_Entity.aj
C:\Users\205406813\Documents\workspace_pm\biometrics\src\main\java\br\gov\sspba\domain\Fatorrh.java
C:\Users\205406813\Documents\workspace_pm\biometrics\src\main\java\br\gov\sspba\domain\Fatorrh_Roo_Configurable.aj
C:\Users\205406813\Documents\workspace_pm\biometrics\src\main\java\br\gov\sspba\domain\Fatorrh_Roo_DbManaged.aj
C:\Users\205406813\Documents\workspace_pm\biometrics\src\main\java\br\gov\sspba\domain\Fatorrh_Roo_Jpa_ActiveRecord.aj
C:\Users\205406813\Documents\workspace_pm\biometrics\src\main\java\br\gov\sspba\domain\Fatorrh_Roo_Jpa_Entity.aj
C:\Users\205406813\Documents\workspace_pm\biometrics\src\main\java\br\gov\sspba\domain\Funcionario.java
C:\Users\205406813\Documents\workspace_pm\biometrics\src\main\java\br\gov\sspba\domain\Funcionario_Roo_Configurable.aj
C:\Users\205406813\Documents\workspace_pm\biometrics\src\main\java\br\gov\sspba\domain\Funcionario_Roo_DbManaged.aj
C:\Users\205406813\Documents\workspace_pm\biometrics\src\main\java\br\gov\sspba\domain\Funcionario_Roo_Finder.aj
C:\Users\205406813\Documents\workspace_pm\biometrics\src\main\java\br\gov\sspba\domain\Funcionario_Roo_JavaBean.aj
C:\Users\205406813\Documents\workspace_pm\biometrics\src\main\java\br\gov\sspba\domain\Funcionario_Roo_Jpa_ActiveRecord.aj
C:\Users\205406813\Documents\workspace_pm\biometrics\src\main\java\br\gov\sspba\domain\Funcionario_Roo_Jpa_Entity.aj
C:\Users\205406813\Documents\workspace_pm\biometrics\src\main\java\br\gov\sspba\domain\Graudeinstrucao.java
C:\Users\205406813\Documents\workspace_pm\biometrics\src\main\java\br\gov\sspba\domain\Graudeinstrucao_Roo_Configurable.aj
C:\Users\205406813\Documents\workspace_pm\biometrics\src\main\java\br\gov\sspba\domain\Graudeinstrucao_Roo_DbManaged.aj
C:\Users\205406813\Documents\workspace_pm\biometrics\src\main\java\br\gov\sspba\domain\Graudeinstrucao_Roo_Jpa_ActiveRecord.aj
C:\Users\205406813\Documents\workspace_pm\biometrics\src\main\java\br\gov\sspba\domain\Graudeinstrucao_Roo_Jpa_Entity.aj
C:\Users\205406813\Documents\workspace_pm\biometrics\src\main\java\br\gov\sspba\domain\Gruposanguineo.java
C:\Users\205406813\Documents\workspace_pm\biometrics\src\main\java\br\gov\sspba\domain\Gruposanguineo_Roo_Configurable.aj
C:\Users\205406813\Documents\workspace_pm\biometrics\src\main\java\br\gov\sspba\domain\Gruposanguineo_Roo_DbManaged.aj
C:\Users\205406813\Documents\workspace_pm\biometrics\src\main\java\br\gov\sspba\domain\Gruposanguineo_Roo_Jpa_ActiveRecord.aj
C:\Users\205406813\Documents\workspace_pm\biometrics\src\main\java\br\gov\sspba\domain\Gruposanguineo_Roo_Jpa_Entity.aj
C:\Users\205406813\Documents\workspace_pm\biometrics\src\main\java\br\gov\sspba\domain\Municipio.java
C:\Users\205406813\Documents\workspace_pm\biometrics\src\main\java\br\gov\sspba\domain\Municipio_Roo_Configurable.aj
C:\Users\205406813\Documents\workspace_pm\biometrics\src\main\java\br\gov\sspba\domain\Municipio_Roo_DbManaged.aj
C:\Users\205406813\Documents\workspace_pm\biometrics\src\main\java\br\gov\sspba\domain\Municipio_Roo_Jpa_ActiveRecord.aj
C:\Users\205406813\Documents\workspace_pm\biometrics\src\main\java\br\gov\sspba\domain\Municipio_Roo_Jpa_Entity.aj
C:\Users\205406813\Documents\workspace_pm\biometrics\src\main\java\br\gov\sspba\domain\Notaanomala.java
C:\Users\205406813\Documents\workspace_pm\biometrics\src\main\java\br\gov\sspba\domain\Notaanomala_Roo_Configurable.aj
C:\Users\205406813\Documents\workspace_pm\biometrics\src\main\java\br\gov\sspba\domain\Notaanomala_Roo_DbManaged.aj
C:\Users\205406813\Documents\workspace_pm\biometrics\src\main\java\br\gov\sspba\domain\Notaanomala_Roo_Jpa_ActiveRecord.aj
C:\Users\205406813\Documents\workspace_pm\biometrics\src\main\java\br\gov\sspba\domain\Notaanomala_Roo_Jpa_Entity.aj
C:\Users\205406813\Documents\workspace_pm\biometrics\src\main\java\br\gov\sspba\domain\Notageral.java
C:\Users\205406813\Documents\workspace_pm\biometrics\src\main\java\br\gov\sspba\domain\Notageral_Roo_Configurable.aj
C:\Users\205406813\Documents\workspace_pm\biometrics\src\main\java\br\gov\sspba\domain\Notageral_Roo_DbManaged.aj
C:\Users\205406813\Documents\workspace_pm\biometrics\src\main\java\br\gov\sspba\domain\Notageral_Roo_Jpa_ActiveRecord.aj
C:\Users\205406813\Documents\workspace_pm\biometrics\src\main\java\br\gov\sspba\domain\Notageral_Roo_Jpa_Entity.aj
C:\Users\205406813\Documents\workspace_pm\biometrics\src\main\java\br\gov\sspba\domain\Olho.java
C:\Users\205406813\Documents\workspace_pm\biometrics\src\main\java\br\gov\sspba\domain\Olho_Roo_Configurable.aj
C:\Users\205406813\Documents\workspace_pm\biometrics\src\main\java\br\gov\sspba\domain\Olho_Roo_DbManaged.aj
C:\Users\205406813\Documents\workspace_pm\biometrics\src\main\java\br\gov\sspba\domain\Olho_Roo_Jpa_ActiveRecord.aj
C:\Users\205406813\Documents\workspace_pm\biometrics\src\main\java\br\gov\sspba\domain\Olho_Roo_Jpa_Entity.aj
C:\Users\205406813\Documents\workspace_pm\biometrics\src\main\java\br\gov\sspba\domain\Postograduacao.java
C:\Users\205406813\Documents\workspace_pm\biometrics\src\main\java\br\gov\sspba\domain\Postograduacao_Roo_Configurable.aj
C:\Users\205406813\Documents\workspace_pm\biometrics\src\main\java\br\gov\sspba\domain\Postograduacao_Roo_DbManaged.aj
C:\Users\205406813\Documents\workspace_pm\biometrics\src\main\java\br\gov\sspba\domain\Postograduacao_Roo_Jpa_ActiveRecord.aj
C:\Users\205406813\Documents\workspace_pm\biometrics\src\main\java\br\gov\sspba\domain\Postograduacao_Roo_Jpa_Entity.aj
C:\Users\205406813\Documents\workspace_pm\biometrics\src\main\java\br\gov\sspba\domain\Quadro.java
C:\Users\205406813\Documents\workspace_pm\biometrics\src\main\java\br\gov\sspba\domain\Quadro_Roo_Configurable.aj
C:\Users\205406813\Documents\workspace_pm\biometrics\src\main\java\br\gov\sspba\domain\Quadro_Roo_DbManaged.aj
C:\Users\205406813\Documents\workspace_pm\biometrics\src\main\java\br\gov\sspba\domain\Quadro_Roo_Jpa_ActiveRecord.aj
C:\Users\205406813\Documents\workspace_pm\biometrics\src\main\java\br\gov\sspba\domain\Quadro_Roo_Jpa_Entity.aj
C:\Users\205406813\Documents\workspace_pm\biometrics\src\main\java\br\gov\sspba\domain\Regiao.java
C:\Users\205406813\Documents\workspace_pm\biometrics\src\main\java\br\gov\sspba\domain\Regiao_Roo_Configurable.aj
C:\Users\205406813\Documents\workspace_pm\biometrics\src\main\java\br\gov\sspba\domain\Regiao_Roo_DbManaged.aj
C:\Users\205406813\Documents\workspace_pm\biometrics\src\main\java\br\gov\sspba\domain\Regiao_Roo_Jpa_ActiveRecord.aj
C:\Users\205406813\Documents\workspace_pm\biometrics\src\main\java\br\gov\sspba\domain\Regiao_Roo_Jpa_Entity.aj
C:\Users\205406813\Documents\workspace_pm\biometrics\src\main\java\br\gov\sspba\domain\Sexo.java
C:\Users\205406813\Documents\workspace_pm\biometrics\src\main\java\br\gov\sspba\domain\Sexo_Roo_Configurable.aj
C:\Users\205406813\Documents\workspace_pm\biometrics\src\main\java\br\gov\sspba\domain\Sexo_Roo_DbManaged.aj
C:\Users\205406813\Documents\workspace_pm\biometrics\src\main\java\br\gov\sspba\domain\Sexo_Roo_Jpa_ActiveRecord.aj
C:\Users\205406813\Documents\workspace_pm\biometrics\src\main\java\br\gov\sspba\domain\Sexo_Roo_Jpa_Entity.aj
C:\Users\205406813\Documents\workspace_pm\biometrics\src\main\java\br\gov\sspba\domain\Situacaopolicial.java
C:\Users\205406813\Documents\workspace_pm\biometrics\src\main\java\br\gov\sspba\domain\Situacaopolicial_Roo_Configurable.aj
C:\Users\205406813\Documents\workspace_pm\biometrics\src\main\java\br\gov\sspba\domain\Situacaopolicial_Roo_DbManaged.aj
C:\Users\205406813\Documents\workspace_pm\biometrics\src\main\java\br\gov\sspba\domain\Situacaopolicial_Roo_Jpa_ActiveRecord.aj
C:\Users\205406813\Documents\workspace_pm\biometrics\src\main\java\br\gov\sspba\domain\Situacaopolicial_Roo_Jpa_Entity.aj
C:\Users\205406813\Documents\workspace_pm\biometrics\src\main\java\br\gov\sspba\domain\Tipocertidao.java
C:\Users\205406813\Documents\workspace_pm\biometrics\src\main\java\br\gov\sspba\domain\Tipocertidao_Roo_Configurable.aj
C:\Users\205406813\Documents\workspace_pm\biometrics\src\main\java\br\gov\sspba\domain\Tipocertidao_Roo_DbManaged.aj
C:\Users\205406813\Documents\workspace_pm\biometrics\src\main\java\br\gov\sspba\domain\Tipocertidao_Roo_Jpa_ActiveRecord.aj
C:\Users\205406813\Documents\workspace_pm\biometrics\src\main\java\br\gov\sspba\domain\Tipocertidao_Roo_Jpa_Entity.aj
C:\Users\205406813\Documents\workspace_pm\biometrics\src\main\java\br\gov\sspba\domain\Unidade.java
C:\Users\205406813\Documents\workspace_pm\biometrics\src\main\java\br\gov\sspba\domain\Unidade_Roo_Configurable.aj
C:\Users\205406813\Documents\workspace_pm\biometrics\src\main\java\br\gov\sspba\domain\Unidade_Roo_DbManaged.aj
C:\Users\205406813\Documents\workspace_pm\biometrics\src\main\java\br\gov\sspba\domain\Unidade_Roo_Finder.aj
C:\Users\205406813\Documents\workspace_pm\biometrics\src\main\java\br\gov\sspba\domain\Unidade_Roo_Jpa_ActiveRecord.aj
C:\Users\205406813\Documents\workspace_pm\biometrics\src\main\java\br\gov\sspba\domain\Unidade_Roo_Jpa_Entity.aj
C:\Users\205406813\Documents\workspace_pm\biometrics\src\main\java\br\gov\sspba\domain\UserAccount.java
C:\Users\205406813\Documents\workspace_pm\biometrics\src\main\java\br\gov\sspba\domain\UserAccount_Roo_Configurable.aj
C:\Users\205406813\Documents\workspace_pm\biometrics\src\main\java\br\gov\sspba\domain\UserAccount_Roo_DbManaged.aj
C:\Users\205406813\Documents\workspace_pm\biometrics\src\main\java\br\gov\sspba\domain\UserAccount_Roo_Finder.aj
C:\Users\205406813\Documents\workspace_pm\biometrics\src\main\java\br\gov\sspba\domain\UserAccount_Roo_Jpa_ActiveRecord.aj
C:\Users\205406813\Documents\workspace_pm\biometrics\src\main\java\br\gov\sspba\domain\UserAccount_Roo_Jpa_Entity.aj
C:\Users\205406813\Documents\workspace_pm\biometrics\src\main\java\br\gov\sspba\domain\UserAccount_Roo_ToString.aj
C:\Users\205406813\Documents\workspace_pm\biometrics\src\main\java\br\gov\sspba\domain\UserPermission.java
C:\Users\205406813\Documents\workspace_pm\biometrics\src\main\java\br\gov\sspba\domain\UserPermission_Roo_Configurable.aj
C:\Users\205406813\Documents\workspace_pm\biometrics\src\main\java\br\gov\sspba\domain\UserPermission_Roo_DbManaged.aj
C:\Users\205406813\Documents\workspace_pm\biometrics\src\main\java\br\gov\sspba\domain\UserPermission_Roo_Jpa_ActiveRecord.aj
C:\Users\205406813\Documents\workspace_pm\biometrics\src\main\java\br\gov\sspba\domain\UserPermission_Roo_Jpa_Entity.aj
C:\Users\205406813\Documents\workspace_pm\biometrics\src\main\java\br\gov\sspba\domain\UserPermission_Roo_ToString.aj
C:\Users\205406813\Documents\workspace_pm\biometrics\src\main\java\br\gov\sspba\domain\UserRole.java
C:\Users\205406813\Documents\workspace_pm\biometrics\src\main\java\br\gov\sspba\domain\UserRole_Roo_Configurable.aj
C:\Users\205406813\Documents\workspace_pm\biometrics\src\main\java\br\gov\sspba\domain\UserRole_Roo_DbManaged.aj
C:\Users\205406813\Documents\workspace_pm\biometrics\src\main\java\br\gov\sspba\domain\UserRole_Roo_Jpa_ActiveRecord.aj
C:\Users\205406813\Documents\workspace_pm\biometrics\src\main\java\br\gov\sspba\domain\UserRole_Roo_Jpa_Entity.aj
C:\Users\205406813\Documents\workspace_pm\biometrics\src\main\java\br\gov\sspba\security\CheckRole.java
C:\Users\205406813\Documents\workspace_pm\biometrics\src\main\java\br\gov\sspba\security\CustomJDBCDaoImpl.java
C:\Users\205406813\Documents\workspace_pm\biometrics\src\main\java\br\gov\sspba\security\LoginController.java
C:\Users\205406813\Documents\workspace_pm\biometrics\src\main\java\br\gov\sspba\security\LoginErrorPhaseListener.java
C:\Users\205406813\Documents\workspace_pm\biometrics\src\main\java\br\gov\sspba\security\UserBean.java
C:\Users\205406813\Documents\workspace_pm\biometrics\src\main\java\br\gov\sspba\security\ValueExpressionWrapper.java
C:\Users\205406813\Documents\workspace_pm\biometrics\src\main\java\br\gov\sspba\service\DadoBiometricoService.java
C:\Users\205406813\Documents\workspace_pm\biometrics\src\main\java\br\gov\sspba\service\FuncionarioService.java
C:\Users\205406813\Documents\workspace_pm\biometrics\src\main\java\br\gov\sspba\service\NotaGeralService.java
C:\Users\205406813\Documents\workspace_pm\biometrics\src\main\java\br\gov\sspba\service\ServiceGlobalSession.java
C:\Users\205406813\Documents\workspace_pm\biometrics\src\main\java\br\gov\sspba\service\ServiceSession.java
C:\Users\205406813\Documents\workspace_pm\biometrics\src\main\java\br\gov\sspba\service\UserAccountService.java
C:\Users\205406813\Documents\workspace_pm\biometrics\src\main\java\br\gov\sspba\util\Constants.java
C:\Users\205406813\Documents\workspace_pm\biometrics\src\main\java\br\gov\sspba\util\JsfUtils.java
C:\Users\205406813\Documents\workspace_pm\biometrics\src\main\java\br\gov\sspba\util\UpperCaseConverter.java
C:\Users\205406813\Documents\workspace_pm\biometrics\src\main\java\br\gov\sspba\util\ViewScope.java
C:\Users\205406813\Documents\workspace_pm\biometrics\src\main\java\br\gov\sspba\web\ApplicationConversionServiceFactoryBean.java
